<?xml version="1.0" encoding="UTF-8"?>
<!-- Generated by org.testng.reporters.JUnitXMLReporter -->
<testsuite ignored="2" hostname="Shashidhar" failures="1" tests="1" name="Test" time="2.97" errors="0" timestamp="2023-07-22T11:42:00 IST">
  <testcase classname="github_test_cases.github_testcases" name="create_table" time="2.945">
    <failure type="io.restassured.path.json.exception.JsonPathException" message="Failed to parse the JSON document">
      <![CDATA[io.restassured.path.json.exception.JsonPathException: Failed to parse the JSON document
at io.restassured.path.json.JsonPath$ExceptionCatcher.invoke(JsonPath.java:1002)
at io.restassured.path.json.JsonPath$4.doParseWith(JsonPath.java:967)
at io.restassured.path.json.JsonPath$JsonParser.parseWith(JsonPath.java:1047)
at io.restassured.path.json.JsonPath.get(JsonPath.java:202)
at io.restassured.path.json.JsonPath.getString(JsonPath.java:352)
at utility.common_file.getResponse(common_file.java:13)
at github_test_cases.github_testcases.deleteRepository(github_testcases.java:74)
at github_test_cases.github_testcases.create_table(github_testcases.java:42)
at java.base/java.util.ArrayList.forEach(ArrayList.java:1511)
Caused by: groovy.json.JsonException: A JSON payload should start with an openning curly brace '{' or an openning square bracket '['.
Instead, 'null' was found on line: 1, column: 1
at org.codehaus.groovy.runtime.callsite.ConstructorSite$ConstructorSiteNoUnwrapNoCoerce.callConstructor(ConstructorSite.java:108)
at org.codehaus.groovy.runtime.callsite.CallSiteArray.defaultCallConstructor(CallSiteArray.java:57)
at org.codehaus.groovy.runtime.callsite.AbstractCallSite.callConstructor(AbstractCallSite.java:263)
at org.codehaus.groovy.runtime.callsite.AbstractCallSite.callConstructor(AbstractCallSite.java:277)
at io.restassured.internal.path.json.ConfigurableJsonSlurper.parse(ConfigurableJsonSlurper.groovy:114)
at io.restassured.internal.path.json.ConfigurableJsonSlurper$parse.callCurrent(Unknown Source)
at io.restassured.internal.path.json.ConfigurableJsonSlurper.parseText(ConfigurableJsonSlurper.groovy:83)
at io.restassured.path.json.JsonPath$4$1.method(JsonPath.java:965)
at io.restassured.path.json.JsonPath$ExceptionCatcher.invoke(JsonPath.java:1000)
... 35 more
... Removed 33 stack frames]]>
    </failure>
  </testcase> <!-- create_table -->
  <testcase classname="github_test_cases.github_testcases" name="CreateRepoDynamic" time="0.0">
    <ignored/>
  </testcase> <!-- CreateRepoDynamic -->
  <testcase classname="github_test_cases.github_testcases" name="deleteRepository" time="0.0">
    <ignored/>
  </testcase> <!-- deleteRepository -->
</testsuite> <!-- Test -->
